<?xml version="1.0" encoding="UTF-8"?>
<testng-results skipped="0" failed="0" ignored="0" total="1" passed="1">
  <reporter-output>
  </reporter-output>
  <suite name="Default suite" duration-ms="4976" started-at="2020-02-23T17:37:56Z" finished-at="2020-02-23T17:38:01Z">
    <groups>
    </groups>
    <test name="Default test" duration-ms="4976" started-at="2020-02-23T17:37:56Z" finished-at="2020-02-23T17:38:01Z">
      <class name="com.bddrestapi.testcase.Demo_PUT_request">
        <test-method status="PASS" signature="putData()[pri:0, instance:com.bddrestapi.testcase.Demo_PUT_request@91161c7]" name="putData" is-config="true" duration-ms="465" started-at="2020-02-23T17:37:56Z" finished-at="2020-02-23T17:37:56Z">
          <reporter-output>
          </reporter-output>
        </test-method> <!-- putData -->
        <test-method status="PASS" signature="updateEmployee()[pri:0, instance:com.bddrestapi.testcase.Demo_PUT_request@91161c7]" name="updateEmployee" duration-ms="4477" started-at="2020-02-23T17:37:56Z" finished-at="2020-02-23T17:38:01Z">
          <reporter-output>
          </reporter-output>
        </test-method> <!-- updateEmployee -->
      </class> <!-- com.bddrestapi.testcase.Demo_PUT_request -->
    </test> <!-- Default test -->
  </suite> <!-- Default suite -->
</testng-results>
